Vivado Simulator v2023.1
Copyright 1986-2022 Xilinx, Inc. All Rights Reserved.
Copyright 2022-2023 Advanced Micro Devices, Inc. All Rights Reserved.
Running: D:/SoftwareSetup/Xilink/Vivado/2023.1/bin/unwrapped/win64.o/xelab.exe --incr --debug typical --relax --mt 2 -L xil_defaultlib -L xbip_utils_v3_0_10 -L axi_utils_v2_0_6 -L fir_compiler_v7_2_19 -L unisims_ver -L unimacro_ver -L secureip -L xpm --snapshot tb_multirate_system_behav xil_defaultlib.tb_multirate_system xil_defaultlib.glbl -log elaborate.log 
Using 2 slave threads.
Starting static elaboration
Pass Through NonSizing Optimizer
Completed static elaboration
Starting simulation data flow analysis
Completed simulation data flow analysis
Time Resolution for simulation is 1ps
Compiling package std.standard
Compiling package std.textio
Compiling package ieee.std_logic_1164
Compiling package ieee.numeric_std
Compiling package xbip_utils_v3_0_10.xbip_utils_v3_0_10_pkg
Compiling package fir_compiler_v7_2_19.fir_compiler_v7_2_19_viv_comp
Compiling package ieee.std_logic_textio
Compiling package fir_compiler_v7_2_19.globals_pkg
Compiling package fir_compiler_v7_2_19.components
Compiling package ieee.math_real
Compiling package axi_utils_v2_0_6.global_util_pkg
Compiling package axi_utils_v2_0_6.axi_utils_comps
Compiling package unisim.vcomponents
Compiling package ieee.std_logic_arith
Compiling package ieee.std_logic_signed
Compiling package ieee.vital_timing
Compiling package ieee.vital_primitives
Compiling package unisim.vpkg
Compiling architecture xilinx of entity axi_utils_v2_0_6.glb_srl_fifo [\glb_srl_fifo(width=16,has_ifx=t...]
Compiling architecture xilinx of entity axi_utils_v2_0_6.glb_ifx_slave [\glb_ifx_slave(width=16,has_ifx=...]
Compiling architecture synth of entity fir_compiler_v7_2_19.cntrl_delay [\cntrl_delay(c_delay_len=0,c_mem...]
Compiling architecture synth of entity fir_compiler_v7_2_19.sp_mem [\sp_mem(c_xdevicefamily="artix7"...]
Compiling architecture synth of entity fir_compiler_v7_2_19.sp_mem [\sp_mem(c_xdevicefamily="artix7"...]
Compiling architecture synth of entity fir_compiler_v7_2_19.filt_mem [\filt_mem(c_xdevicefamily="artix...]
Compiling architecture synth of entity fir_compiler_v7_2_19.sp_mem [\sp_mem(c_xdevicefamily="artix7"...]
Compiling architecture synth of entity fir_compiler_v7_2_19.sp_mem [\sp_mem(c_xdevicefamily="artix7"...]
Compiling architecture synth of entity fir_compiler_v7_2_19.filt_mem [\filt_mem(c_xdevicefamily="artix...]
Compiling architecture synth of entity fir_compiler_v7_2_19.sp_mem [\sp_mem(c_xdevicefamily="artix7"...]
Compiling architecture synth of entity fir_compiler_v7_2_19.sp_mem [\sp_mem(c_xdevicefamily="artix7"...]
Compiling architecture synth of entity fir_compiler_v7_2_19.filt_mem [\filt_mem(c_xdevicefamily="artix...]
Compiling architecture synth of entity fir_compiler_v7_2_19.sp_mem [\sp_mem(c_xdevicefamily="artix7"...]
Compiling architecture synth of entity fir_compiler_v7_2_19.sp_mem [\sp_mem(c_xdevicefamily="artix7"...]
Compiling architecture synth of entity fir_compiler_v7_2_19.filt_mem [\filt_mem(c_xdevicefamily="artix...]
Compiling architecture synth of entity fir_compiler_v7_2_19.sp_mem [\sp_mem(c_xdevicefamily="artix7"...]
Compiling architecture synth of entity fir_compiler_v7_2_19.filt_mem [\filt_mem(c_xdevicefamily="artix...]
Compiling architecture synth of entity fir_compiler_v7_2_19.delay [\delay(c_delay_len=3,c_xdevicefa...]
Compiling architecture synth of entity fir_compiler_v7_2_19.buff [\buff(c_xdevicefamily="artix7",c...]
Compiling architecture synth of entity fir_compiler_v7_2_19.delay [\delay(c_delay_len=8,c_xdevicefa...]
Compiling architecture synth of entity fir_compiler_v7_2_19.delay [\delay(c_delay_len=7,c_xdevicefa...]
Compiling architecture synth of entity fir_compiler_v7_2_19.delay [\delay(c_delay_len=6,c_xdevicefa...]
Compiling architecture synth of entity fir_compiler_v7_2_19.delay [\delay(c_delay_len=5,c_xdevicefa...]
Compiling architecture synth of entity fir_compiler_v7_2_19.delay [\delay(c_delay_len=4,c_xdevicefa...]
Compiling architecture synth of entity fir_compiler_v7_2_19.delay [\delay(c_delay_len=2,c_xdevicefa...]
Compiling architecture synth of entity fir_compiler_v7_2_19.delay [\delay(c_delay_len=0,c_xdevicefa...]
Compiling architecture synth of entity fir_compiler_v7_2_19.buff [\buff(c_xdevicefamily="artix7",c...]
Compiling architecture dsp48e1_v of entity unisim.DSP48E1 [\DSP48E1(mask="11111111111111111...]
Compiling architecture synth of entity fir_compiler_v7_2_19.calc [\calc(c_xdevicefamily="artix7",c...]
Compiling architecture synth of entity fir_compiler_v7_2_19.addsub_mult_add [\addsub_mult_add(c_xdevicefamily...]
Compiling architecture synth of entity fir_compiler_v7_2_19.delay [\delay(c_delay_len=0,c_xdevicefa...]
Compiling architecture synth of entity fir_compiler_v7_2_19.addsub_mult_add [\addsub_mult_add(c_xdevicefamily...]
Compiling architecture synth of entity fir_compiler_v7_2_19.dpr_mem [\dpr_mem(c_xdevicefamily="artix7...]
Compiling architecture synth of entity fir_compiler_v7_2_19.delay [\delay(c_delay_len=1,c_xdevicefa...]
Compiling architecture synth of entity fir_compiler_v7_2_19.delay [\delay(c_delay_len=1,c_xdevicefa...]
Compiling architecture synth of entity fir_compiler_v7_2_19.wrap_buff [\wrap_buff(c_xdevicefamily="arti...]
Compiling architecture dsp48e1_v of entity unisim.DSP48E1 [\DSP48E1(inmodereg=0,mask="11111...]
Compiling architecture synth of entity fir_compiler_v7_2_19.delay [\delay(c_delay_len=0,c_xdevicefa...]
Compiling architecture synth of entity fir_compiler_v7_2_19.delay [\delay(c_delay_len=0,c_xdevicefa...]
Compiling architecture synth of entity fir_compiler_v7_2_19.calc [\calc(c_xdevicefamily="artix7",c...]
Compiling architecture synth of entity fir_compiler_v7_2_19.add_accum [\add_accum(c_xdevicefamily="arti...]
Compiling architecture synth of entity fir_compiler_v7_2_19.delay [\delay(c_delay_len=0,c_xdevicefa...]
Compiling architecture synth of entity fir_compiler_v7_2_19.delay [\delay(c_delay_len=0,c_xdevicefa...]
Compiling architecture synth of entity fir_compiler_v7_2_19.delay [\delay(c_delay_len=1,c_xdevicefa...]
Compiling architecture synth of entity fir_compiler_v7_2_19.delay [\delay(c_delay_len=0,c_xdevicefa...]
Compiling architecture synth of entity fir_compiler_v7_2_19.delay [\delay(c_delay_len=1,c_xdevicefa...]
Compiling architecture synth of entity fir_compiler_v7_2_19.delay [\delay(c_delay_len=0,c_xdevicefa...]
Compiling architecture synth of entity fir_compiler_v7_2_19.delay [\delay(c_delay_len=11,c_xdevicef...]
Compiling architecture synth of entity fir_compiler_v7_2_19.delay [\delay(c_delay_len=13,c_xdevicef...]
Compiling architecture synth of entity fir_compiler_v7_2_19.polyphase_decimation [\polyphase_decimation(c_xdevicef...]
Compiling architecture synth of entity fir_compiler_v7_2_19.fir_compiler_v7_2_19_viv [\fir_compiler_v7_2_19_viv(c_xdev...]
Compiling architecture xilinx of entity fir_compiler_v7_2_19.fir_compiler_v7_2_19 [\fir_compiler_v7_2_19(c_xdevicef...]
Compiling architecture fir_decimator_arch of entity xil_defaultlib.fir_decimator [fir_decimator_default]
Compiling architecture synth of entity fir_compiler_v7_2_19.cntrl_delay [\cntrl_delay(c_delay_len=0,c_mem...]
Compiling architecture synth of entity fir_compiler_v7_2_19.sp_mem [\sp_mem(c_xdevicefamily="artix7"...]
Compiling architecture synth of entity fir_compiler_v7_2_19.sp_mem [\sp_mem(c_xdevicefamily="artix7"...]
Compiling architecture synth of entity fir_compiler_v7_2_19.filt_mem [\filt_mem(c_xdevicefamily="artix...]
Compiling architecture synth of entity fir_compiler_v7_2_19.sp_mem [\sp_mem(c_xdevicefamily="artix7"...]
Compiling architecture synth of entity fir_compiler_v7_2_19.sp_mem [\sp_mem(c_xdevicefamily="artix7"...]
Compiling architecture synth of entity fir_compiler_v7_2_19.filt_mem [\filt_mem(c_xdevicefamily="artix...]
Compiling architecture synth of entity fir_compiler_v7_2_19.sp_mem [\sp_mem(c_xdevicefamily="artix7"...]
Compiling architecture synth of entity fir_compiler_v7_2_19.filt_mem [\filt_mem(c_xdevicefamily="artix...]
Compiling architecture synth of entity fir_compiler_v7_2_19.buff [\buff(c_xdevicefamily="artix7",c...]
Compiling architecture dsp48e1_v of entity unisim.DSP48E1 [\DSP48E1(inmodereg=0,mask="11111...]
Compiling architecture synth of entity fir_compiler_v7_2_19.calc [\calc(c_xdevicefamily="artix7",c...]
Compiling architecture synth of entity fir_compiler_v7_2_19.addsub_mult_add [\addsub_mult_add(c_xdevicefamily...]
Compiling architecture synth of entity fir_compiler_v7_2_19.addsub_mult_add [\addsub_mult_add(c_xdevicefamily...]
Compiling architecture synth of entity fir_compiler_v7_2_19.sp_mem [\sp_mem(c_xdevicefamily="artix7"...]
Compiling architecture synth of entity fir_compiler_v7_2_19.sp_mem [\sp_mem(c_xdevicefamily="artix7"...]
Compiling architecture synth of entity fir_compiler_v7_2_19.filt_mem [\filt_mem(c_xdevicefamily="artix...]
Compiling architecture synth of entity fir_compiler_v7_2_19.sp_mem [\sp_mem(c_xdevicefamily="artix7"...]
Compiling architecture synth of entity fir_compiler_v7_2_19.sp_mem [\sp_mem(c_xdevicefamily="artix7"...]
Compiling architecture synth of entity fir_compiler_v7_2_19.filt_mem [\filt_mem(c_xdevicefamily="artix...]
Compiling architecture synth of entity fir_compiler_v7_2_19.sp_mem [\sp_mem(c_xdevicefamily="artix7"...]
Compiling architecture synth of entity fir_compiler_v7_2_19.filt_mem [\filt_mem(c_xdevicefamily="artix...]
Compiling architecture synth of entity fir_compiler_v7_2_19.calc [\calc(c_xdevicefamily="artix7",c...]
Compiling architecture synth of entity fir_compiler_v7_2_19.addsub_mult_add [\addsub_mult_add(c_xdevicefamily...]
Compiling architecture synth of entity fir_compiler_v7_2_19.addsub_mult_add [\addsub_mult_add(c_xdevicefamily...]
Compiling architecture synth of entity fir_compiler_v7_2_19.sp_mem [\sp_mem(c_xdevicefamily="artix7"...]
Compiling architecture synth of entity fir_compiler_v7_2_19.sp_mem [\sp_mem(c_xdevicefamily="artix7"...]
Compiling architecture synth of entity fir_compiler_v7_2_19.filt_mem [\filt_mem(c_xdevicefamily="artix...]
Compiling architecture synth of entity fir_compiler_v7_2_19.sp_mem [\sp_mem(c_xdevicefamily="artix7"...]
Compiling architecture synth of entity fir_compiler_v7_2_19.sp_mem [\sp_mem(c_xdevicefamily="artix7"...]
Compiling architecture synth of entity fir_compiler_v7_2_19.filt_mem [\filt_mem(c_xdevicefamily="artix...]
Compiling architecture synth of entity fir_compiler_v7_2_19.sp_mem [\sp_mem(c_xdevicefamily="artix7"...]
Compiling architecture synth of entity fir_compiler_v7_2_19.filt_mem [\filt_mem(c_xdevicefamily="artix...]
Compiling architecture synth of entity fir_compiler_v7_2_19.calc [\calc(c_xdevicefamily="artix7",c...]
Compiling architecture synth of entity fir_compiler_v7_2_19.addsub_mult_add [\addsub_mult_add(c_xdevicefamily...]
Compiling architecture synth of entity fir_compiler_v7_2_19.addsub_mult_add [\addsub_mult_add(c_xdevicefamily...]
Compiling architecture synth of entity fir_compiler_v7_2_19.sp_mem [\sp_mem(c_xdevicefamily="artix7"...]
Compiling architecture synth of entity fir_compiler_v7_2_19.sp_mem [\sp_mem(c_xdevicefamily="artix7"...]
Compiling architecture synth of entity fir_compiler_v7_2_19.filt_mem [\filt_mem(c_xdevicefamily="artix...]
Compiling architecture synth of entity fir_compiler_v7_2_19.sp_mem [\sp_mem(c_xdevicefamily="artix7"...]
Compiling architecture synth of entity fir_compiler_v7_2_19.sp_mem [\sp_mem(c_xdevicefamily="artix7"...]
Compiling architecture synth of entity fir_compiler_v7_2_19.filt_mem [\filt_mem(c_xdevicefamily="artix...]
Compiling architecture synth of entity fir_compiler_v7_2_19.sp_mem [\sp_mem(c_xdevicefamily="artix7"...]
Compiling architecture synth of entity fir_compiler_v7_2_19.filt_mem [\filt_mem(c_xdevicefamily="artix...]
Compiling architecture synth of entity fir_compiler_v7_2_19.calc [\calc(c_xdevicefamily="artix7",c...]
Compiling architecture synth of entity fir_compiler_v7_2_19.addsub_mult_add [\addsub_mult_add(c_xdevicefamily...]
Compiling architecture synth of entity fir_compiler_v7_2_19.addsub_mult_add [\addsub_mult_add(c_xdevicefamily...]
Compiling architecture synth of entity fir_compiler_v7_2_19.delay [\delay(c_delay_len=9,c_xdevicefa...]
Compiling architecture synth of entity fir_compiler_v7_2_19.delay [\delay(c_delay_len=2,c_xdevicefa...]
Compiling architecture synth of entity fir_compiler_v7_2_19.polyphase_interpolation [\polyphase_interpolation(c_xdevi...]
Compiling architecture synth of entity fir_compiler_v7_2_19.fir_compiler_v7_2_19_viv [\fir_compiler_v7_2_19_viv(c_xdev...]
Compiling architecture xilinx of entity fir_compiler_v7_2_19.fir_compiler_v7_2_19 [\fir_compiler_v7_2_19(c_xdevicef...]
Compiling architecture fir_interpolator_arch of entity xil_defaultlib.fir_interpolator [fir_interpolator_default]
Compiling module xil_defaultlib.multirate_system
Compiling module xil_defaultlib.tb_multirate_system
Compiling module xil_defaultlib.glbl
Built simulation snapshot tb_multirate_system_behav
